[0.990s] Invoking command in '/home/oystein/myros2_ws/src/mypackage_pkg': PYTHONPATH=/home/oystein/myros2_ws/build/mypackage_pkg/prefix_override:/usr/lib/python3/dist-packages/colcon_core/task/python/colcon_distutils_commands:/home/oystein/myros2_ws/install/mypackage_pkg/lib/python3.10/site-packages:${PYTHONPATH} /usr/bin/python3 -W ignore:setup.py install is deprecated setup.py egg_info --egg-base ../../build/mypackage_pkg build --build-base /home/oystein/myros2_ws/build/mypackage_pkg/build install --record /home/oystein/myros2_ws/build/mypackage_pkg/install.log --single-version-externally-managed install_data
[1.351s] running egg_info
[1.352s] writing ../../build/mypackage_pkg/mypackage_pkg.egg-info/PKG-INFO
[1.352s] writing dependency_links to ../../build/mypackage_pkg/mypackage_pkg.egg-info/dependency_links.txt
[1.352s] writing entry points to ../../build/mypackage_pkg/mypackage_pkg.egg-info/entry_points.txt
[1.352s] writing requirements to ../../build/mypackage_pkg/mypackage_pkg.egg-info/requires.txt
[1.353s] writing top-level names to ../../build/mypackage_pkg/mypackage_pkg.egg-info/top_level.txt
[1.355s] reading manifest file '../../build/mypackage_pkg/mypackage_pkg.egg-info/SOURCES.txt'
[1.356s] writing manifest file '../../build/mypackage_pkg/mypackage_pkg.egg-info/SOURCES.txt'
[1.356s] running build
[1.356s] running build_py
[1.357s] running install
[1.358s] running install_lib
[1.360s] creating /home/oystein/myros2_ws/install/mypackage_pkg/lib/python3.10/site-packages/mypackage_pkg
[1.360s] copying /home/oystein/myros2_ws/build/mypackage_pkg/build/lib/mypackage_pkg/__init__.py -> /home/oystein/myros2_ws/install/mypackage_pkg/lib/python3.10/site-packages/mypackage_pkg
[1.361s] copying /home/oystein/myros2_ws/build/mypackage_pkg/build/lib/mypackage_pkg/simple_publisher.py -> /home/oystein/myros2_ws/install/mypackage_pkg/lib/python3.10/site-packages/mypackage_pkg
[1.362s] byte-compiling /home/oystein/myros2_ws/install/mypackage_pkg/lib/python3.10/site-packages/mypackage_pkg/__init__.py to __init__.cpython-310.pyc
[1.362s] byte-compiling /home/oystein/myros2_ws/install/mypackage_pkg/lib/python3.10/site-packages/mypackage_pkg/simple_publisher.py to simple_publisher.cpython-310.pyc
[1.363s] running install_data
[1.363s] creating /home/oystein/myros2_ws/install/mypackage_pkg/share/ament_index
[1.363s] creating /home/oystein/myros2_ws/install/mypackage_pkg/share/ament_index/resource_index
[1.363s] creating /home/oystein/myros2_ws/install/mypackage_pkg/share/ament_index/resource_index/packages
[1.364s] copying resource/mypackage_pkg -> /home/oystein/myros2_ws/install/mypackage_pkg/share/ament_index/resource_index/packages
[1.364s] copying package.xml -> /home/oystein/myros2_ws/install/mypackage_pkg/share/mypackage_pkg
[1.364s] copying launch/publisher_pkg_launch_file.launch.py -> /home/oystein/myros2_ws/install/mypackage_pkg/share/mypackage_pkg
[1.364s] running install_egg_info
[1.366s] Copying ../../build/mypackage_pkg/mypackage_pkg.egg-info to /home/oystein/myros2_ws/install/mypackage_pkg/lib/python3.10/site-packages/mypackage_pkg-0.0.0-py3.10.egg-info
[1.368s] running install_scripts
[1.399s] Installing simple_publisher script to /home/oystein/myros2_ws/install/mypackage_pkg/lib/mypackage_pkg
[1.399s] writing list of installed files to '/home/oystein/myros2_ws/build/mypackage_pkg/install.log'
[1.451s] Invoked command in '/home/oystein/myros2_ws/src/mypackage_pkg' returned '0': PYTHONPATH=/home/oystein/myros2_ws/build/mypackage_pkg/prefix_override:/usr/lib/python3/dist-packages/colcon_core/task/python/colcon_distutils_commands:/home/oystein/myros2_ws/install/mypackage_pkg/lib/python3.10/site-packages:${PYTHONPATH} /usr/bin/python3 -W ignore:setup.py install is deprecated setup.py egg_info --egg-base ../../build/mypackage_pkg build --build-base /home/oystein/myros2_ws/build/mypackage_pkg/build install --record /home/oystein/myros2_ws/build/mypackage_pkg/install.log --single-version-externally-managed install_data
