[0.917s] Invoking command in '/home/oystein/myros2_ws/src/mypackage_pkg': PYTHONPATH=/home/oystein/myros2_ws/build/mypackage_pkg/prefix_override:/usr/lib/python3/dist-packages/colcon_core/task/python/colcon_distutils_commands:/home/oystein/myros2_ws/install/mypackage_pkg/lib/python3.10/site-packages:${PYTHONPATH} /usr/bin/python3 -W ignore:setup.py install is deprecated setup.py egg_info --egg-base ../../build/mypackage_pkg build --build-base /home/oystein/myros2_ws/build/mypackage_pkg/build install --record /home/oystein/myros2_ws/build/mypackage_pkg/install.log --single-version-externally-managed install_data
[1.262s] running egg_info
[1.263s] writing ../../build/mypackage_pkg/mypackage_pkg.egg-info/PKG-INFO
[1.264s] writing dependency_links to ../../build/mypackage_pkg/mypackage_pkg.egg-info/dependency_links.txt
[1.264s] writing entry points to ../../build/mypackage_pkg/mypackage_pkg.egg-info/entry_points.txt
[1.264s] writing requirements to ../../build/mypackage_pkg/mypackage_pkg.egg-info/requires.txt
[1.264s] writing top-level names to ../../build/mypackage_pkg/mypackage_pkg.egg-info/top_level.txt
[1.267s] reading manifest file '../../build/mypackage_pkg/mypackage_pkg.egg-info/SOURCES.txt'
[1.268s] writing manifest file '../../build/mypackage_pkg/mypackage_pkg.egg-info/SOURCES.txt'
[1.268s] running build
[1.268s] running build_py
[1.269s] running install
[1.270s] running install_lib
[1.271s] running install_data
[1.271s] running install_egg_info
[1.273s] removing '/home/oystein/myros2_ws/install/mypackage_pkg/lib/python3.10/site-packages/mypackage_pkg-0.0.0-py3.10.egg-info' (and everything under it)
[1.274s] Copying ../../build/mypackage_pkg/mypackage_pkg.egg-info to /home/oystein/myros2_ws/install/mypackage_pkg/lib/python3.10/site-packages/mypackage_pkg-0.0.0-py3.10.egg-info
[1.275s] running install_scripts
[1.308s] Installing simple_publisher script to /home/oystein/myros2_ws/install/mypackage_pkg/lib/mypackage_pkg
[1.308s] writing list of installed files to '/home/oystein/myros2_ws/build/mypackage_pkg/install.log'
[1.363s] Invoked command in '/home/oystein/myros2_ws/src/mypackage_pkg' returned '0': PYTHONPATH=/home/oystein/myros2_ws/build/mypackage_pkg/prefix_override:/usr/lib/python3/dist-packages/colcon_core/task/python/colcon_distutils_commands:/home/oystein/myros2_ws/install/mypackage_pkg/lib/python3.10/site-packages:${PYTHONPATH} /usr/bin/python3 -W ignore:setup.py install is deprecated setup.py egg_info --egg-base ../../build/mypackage_pkg build --build-base /home/oystein/myros2_ws/build/mypackage_pkg/build install --record /home/oystein/myros2_ws/build/mypackage_pkg/install.log --single-version-externally-managed install_data
