running egg_info
creating ../../build/mypackage_pkg/mypackage_pkg.egg-info
writing ../../build/mypackage_pkg/mypackage_pkg.egg-info/PKG-INFO
writing dependency_links to ../../build/mypackage_pkg/mypackage_pkg.egg-info/dependency_links.txt
writing entry points to ../../build/mypackage_pkg/mypackage_pkg.egg-info/entry_points.txt
writing requirements to ../../build/mypackage_pkg/mypackage_pkg.egg-info/requires.txt
writing top-level names to ../../build/mypackage_pkg/mypackage_pkg.egg-info/top_level.txt
writing manifest file '../../build/mypackage_pkg/mypackage_pkg.egg-info/SOURCES.txt'
reading manifest file '../../build/mypackage_pkg/mypackage_pkg.egg-info/SOURCES.txt'
writing manifest file '../../build/mypackage_pkg/mypackage_pkg.egg-info/SOURCES.txt'
running build
running build_py
creating /home/oystein/myros2_ws/build/mypackage_pkg/build
creating /home/oystein/myros2_ws/build/mypackage_pkg/build/lib
creating /home/oystein/myros2_ws/build/mypackage_pkg/build/lib/mypackage_pkg
copying mypackage_pkg/__init__.py -> /home/oystein/myros2_ws/build/mypackage_pkg/build/lib/mypackage_pkg
copying mypackage_pkg/simple_publisher.py -> /home/oystein/myros2_ws/build/mypackage_pkg/build/lib/mypackage_pkg
running install
running install_lib
creating /home/oystein/myros2_ws/install/mypackage_pkg/lib/python3.10/site-packages/mypackage_pkg
copying /home/oystein/myros2_ws/build/mypackage_pkg/build/lib/mypackage_pkg/__init__.py -> /home/oystein/myros2_ws/install/mypackage_pkg/lib/python3.10/site-packages/mypackage_pkg
copying /home/oystein/myros2_ws/build/mypackage_pkg/build/lib/mypackage_pkg/simple_publisher.py -> /home/oystein/myros2_ws/install/mypackage_pkg/lib/python3.10/site-packages/mypackage_pkg
byte-compiling /home/oystein/myros2_ws/install/mypackage_pkg/lib/python3.10/site-packages/mypackage_pkg/__init__.py to __init__.cpython-310.pyc
byte-compiling /home/oystein/myros2_ws/install/mypackage_pkg/lib/python3.10/site-packages/mypackage_pkg/simple_publisher.py to simple_publisher.cpython-310.pyc
running install_data
creating /home/oystein/myros2_ws/install/mypackage_pkg/share/ament_index
creating /home/oystein/myros2_ws/install/mypackage_pkg/share/ament_index/resource_index
creating /home/oystein/myros2_ws/install/mypackage_pkg/share/ament_index/resource_index/packages
copying resource/mypackage_pkg -> /home/oystein/myros2_ws/install/mypackage_pkg/share/ament_index/resource_index/packages
copying package.xml -> /home/oystein/myros2_ws/install/mypackage_pkg/share/mypackage_pkg
copying launch/publisher_pkg_launch_file.launch.py -> /home/oystein/myros2_ws/install/mypackage_pkg/share/mypackage_pkg
running install_egg_info
Copying ../../build/mypackage_pkg/mypackage_pkg.egg-info to /home/oystein/myros2_ws/install/mypackage_pkg/lib/python3.10/site-packages/mypackage_pkg-0.0.0-py3.10.egg-info
running install_scripts
writing list of installed files to '/home/oystein/myros2_ws/build/mypackage_pkg/install.log'
