[0.899s] Invoking command in '/home/oystein/myros2_ws/src/mypackage_pkg': PYTHONPATH=/home/oystein/myros2_ws/build/mypackage_pkg/prefix_override:/usr/lib/python3/dist-packages/colcon_core/task/python/colcon_distutils_commands:/home/oystein/myros2_ws/install/mypackage_pkg/lib/python3.10/site-packages:${PYTHONPATH} /usr/bin/python3 -W ignore:setup.py install is deprecated setup.py egg_info --egg-base ../../build/mypackage_pkg build --build-base /home/oystein/myros2_ws/build/mypackage_pkg/build install --record /home/oystein/myros2_ws/build/mypackage_pkg/install.log --single-version-externally-managed install_data
[1.235s] running egg_info
[1.236s] writing ../../build/mypackage_pkg/mypackage_pkg.egg-info/PKG-INFO
[1.237s] writing dependency_links to ../../build/mypackage_pkg/mypackage_pkg.egg-info/dependency_links.txt
[1.237s] writing entry points to ../../build/mypackage_pkg/mypackage_pkg.egg-info/entry_points.txt
[1.237s] writing requirements to ../../build/mypackage_pkg/mypackage_pkg.egg-info/requires.txt
[1.237s] writing top-level names to ../../build/mypackage_pkg/mypackage_pkg.egg-info/top_level.txt
[1.242s] reading manifest file '../../build/mypackage_pkg/mypackage_pkg.egg-info/SOURCES.txt'
[1.243s] writing manifest file '../../build/mypackage_pkg/mypackage_pkg.egg-info/SOURCES.txt'
[1.244s] running build
[1.244s] running build_py
[1.245s] running install
[1.245s] running install_lib
[1.247s] running install_data
[1.247s] copying package.xml -> /home/oystein/myros2_ws/install/mypackage_pkg/share/mypackage_pkg
[1.247s] running install_egg_info
[1.249s] removing '/home/oystein/myros2_ws/install/mypackage_pkg/lib/python3.10/site-packages/mypackage_pkg-0.0.0-py3.10.egg-info' (and everything under it)
[1.250s] Copying ../../build/mypackage_pkg/mypackage_pkg.egg-info to /home/oystein/myros2_ws/install/mypackage_pkg/lib/python3.10/site-packages/mypackage_pkg-0.0.0-py3.10.egg-info
[1.251s] running install_scripts
[1.283s] writing list of installed files to '/home/oystein/myros2_ws/build/mypackage_pkg/install.log'
[1.336s] Invoked command in '/home/oystein/myros2_ws/src/mypackage_pkg' returned '0': PYTHONPATH=/home/oystein/myros2_ws/build/mypackage_pkg/prefix_override:/usr/lib/python3/dist-packages/colcon_core/task/python/colcon_distutils_commands:/home/oystein/myros2_ws/install/mypackage_pkg/lib/python3.10/site-packages:${PYTHONPATH} /usr/bin/python3 -W ignore:setup.py install is deprecated setup.py egg_info --egg-base ../../build/mypackage_pkg build --build-base /home/oystein/myros2_ws/build/mypackage_pkg/build install --record /home/oystein/myros2_ws/build/mypackage_pkg/install.log --single-version-externally-managed install_data
